<?xml version="1.0" encoding="UTF-8"?>
<testng-results skipped="0" failed="0" ignored="0" total="3" passed="3">
  <reporter-output>
  </reporter-output>
  <suite name="Reggresson suite" duration-ms="45694" started-at="2022-08-01T13:22:08 EDT" finished-at="2022-08-01T13:22:54 EDT">
    <groups>
    </groups>
    <test name="TC001_verifyLoginPageIsDisplayed" duration-ms="11418" started-at="2022-08-01T13:22:08 EDT" finished-at="2022-08-01T13:22:20 EDT">
      <class name="com.surveyMonkey.testCases.TC001_verifyLoginPageIsDisplayed">
        <test-method status="PASS" signature="setup(java.lang.String)[pri:0, instance:com.surveyMonkey.testCases.TC001_verifyLoginPageIsDisplayed@1a07e12]" name="setup" is-config="true" duration-ms="5434" started-at="2022-08-01T13:22:09 EDT" finished-at="2022-08-01T13:22:14 EDT">
          <params>
            <param index="0">
              <value>
                <![CDATA[edge]]>
              </value>
            </param>
          </params>
          <reporter-output>
          </reporter-output>
        </test-method> <!-- setup -->
        <test-method status="PASS" signature="loginTestCase()[pri:0, instance:com.surveyMonkey.testCases.TC001_verifyLoginPageIsDisplayed@1a07e12]" name="loginTestCase" duration-ms="4841" started-at="2022-08-01T13:22:14 EDT" finished-at="2022-08-01T13:22:19 EDT">
          <reporter-output>
          </reporter-output>
        </test-method> <!-- loginTestCase -->
        <test-method status="PASS" signature="teardown()[pri:0, instance:com.surveyMonkey.testCases.TC001_verifyLoginPageIsDisplayed@1a07e12]" name="teardown" is-config="true" duration-ms="910" started-at="2022-08-01T13:22:19 EDT" finished-at="2022-08-01T13:22:20 EDT">
          <reporter-output>
          </reporter-output>
        </test-method> <!-- teardown -->
      </class> <!-- com.surveyMonkey.testCases.TC001_verifyLoginPageIsDisplayed -->
    </test> <!-- TC001_verifyLoginPageIsDisplayed -->
    <test name="TC002_validateSignupFree" duration-ms="7038" started-at="2022-08-01T13:22:20 EDT" finished-at="2022-08-01T13:22:27 EDT">
      <class name="com.surveyMonkey.testCases.TC002_validateSignupFree">
        <test-method status="PASS" signature="setup(java.lang.String)[pri:0, instance:com.surveyMonkey.testCases.TC002_validateSignupFree@1080771]" name="setup" is-config="true" duration-ms="4455" started-at="2022-08-01T13:22:20 EDT" finished-at="2022-08-01T13:22:25 EDT">
          <params>
            <param index="0">
              <value>
                <![CDATA[edge]]>
              </value>
            </param>
          </params>
          <reporter-output>
          </reporter-output>
        </test-method> <!-- setup -->
        <test-method status="PASS" signature="SignupFreeTestCase()[pri:0, instance:com.surveyMonkey.testCases.TC002_validateSignupFree@1080771]" name="SignupFreeTestCase" duration-ms="1664" started-at="2022-08-01T13:22:25 EDT" finished-at="2022-08-01T13:22:26 EDT">
          <reporter-output>
          </reporter-output>
        </test-method> <!-- SignupFreeTestCase -->
        <test-method status="PASS" signature="teardown()[pri:0, instance:com.surveyMonkey.testCases.TC002_validateSignupFree@1080771]" name="teardown" is-config="true" duration-ms="909" started-at="2022-08-01T13:22:26 EDT" finished-at="2022-08-01T13:22:27 EDT">
          <reporter-output>
          </reporter-output>
        </test-method> <!-- teardown -->
      </class> <!-- com.surveyMonkey.testCases.TC002_validateSignupFree -->
    </test> <!-- TC002_validateSignupFree -->
    <test name="TC003_UserLoginTestCase" duration-ms="26879" started-at="2022-08-01T13:22:27 EDT" finished-at="2022-08-01T13:22:54 EDT">
      <class name="com.surveyMonkey.testCases.TC003_UserLoginTestCase">
        <test-method status="PASS" signature="setup(java.lang.String)[pri:0, instance:com.surveyMonkey.testCases.TC003_UserLoginTestCase@1fc268b]" name="setup" is-config="true" duration-ms="4798" started-at="2022-08-01T13:22:27 EDT" finished-at="2022-08-01T13:22:32 EDT">
          <params>
            <param index="0">
              <value>
                <![CDATA[edge]]>
              </value>
            </param>
          </params>
          <reporter-output>
          </reporter-output>
        </test-method> <!-- setup -->
        <test-method status="PASS" signature="verifyUserLoginTestCase()[pri:0, instance:com.surveyMonkey.testCases.TC003_UserLoginTestCase@1fc268b]" name="verifyUserLoginTestCase" duration-ms="21148" started-at="2022-08-01T13:22:32 EDT" finished-at="2022-08-01T13:22:53 EDT">
          <reporter-output>
          </reporter-output>
        </test-method> <!-- verifyUserLoginTestCase -->
        <test-method status="PASS" signature="teardown()[pri:0, instance:com.surveyMonkey.testCases.TC003_UserLoginTestCase@1fc268b]" name="teardown" is-config="true" duration-ms="926" started-at="2022-08-01T13:22:53 EDT" finished-at="2022-08-01T13:22:54 EDT">
          <reporter-output>
          </reporter-output>
        </test-method> <!-- teardown -->
      </class> <!-- com.surveyMonkey.testCases.TC003_UserLoginTestCase -->
    </test> <!-- TC003_UserLoginTestCase -->
  </suite> <!-- Reggresson suite -->
</testng-results>
